[1737414956] DEBUG: Raw bytes received: 
[1737414956] DEBUG: 48 
[1737414956] DEBUG: 65 
[1737414956] DEBUG: 61 
[1737414956] DEBUG: 72 
[1737414956] DEBUG: 74 
[1737414956] DEBUG: 62 
[1737414956] DEBUG: 65 
[1737414956] DEBUG: 61 
[1737414956] DEBUG: 74 
[1737414956] DEBUG: 3A 
[1737414956] DEBUG: 20 
[1737414956] DEBUG: 36 
[1737414956] DEBUG: 39 
[1737414956] DEBUG: 39 
[1737414956] DEBUG: 2C 
[1737414956] DEBUG: 20 
[1737414956] DEBUG: 53 
[1737414956] DEBUG: 74 
[1737414956] DEBUG: 61 
[1737414956] DEBUG: 74 
[1737414956] DEBUG: 65 
[1737414956] DEBUG: 3A 
[1737414956] DEBUG: 20 
[1737414956] DEBUG: 49 
[1737414956] DEBUG: 44 
[1737414956] DEBUG: 4C 
[1737414956] DEBUG: 45 
[1737414956] DEBUG: 0D 
[1737414956] DEBUG: 0A 
[1737414956] DEBUG: 

[1737414957] DEBUG: Raw bytes received: 
[1737414957] DEBUG: 48 
[1737414957] DEBUG: 65 
[1737414957] DEBUG: 61 
[1737414957] DEBUG: 72 
[1737414957] DEBUG: 74 
[1737414957] DEBUG: 62 
[1737414957] DEBUG: 65 
[1737414957] DEBUG: 61 
[1737414957] DEBUG: 74 
[1737414957] DEBUG: 3A 
[1737414957] DEBUG: 20 
[1737414957] DEBUG: 37 
[1737414957] DEBUG: 30 
[1737414957] DEBUG: 30 
[1737414957] DEBUG: 2C 
[1737414957] DEBUG: 20 
[1737414957] DEBUG: 53 
[1737414957] DEBUG: 74 
[1737414957] DEBUG: 61 
[1737414957] DEBUG: 74 
[1737414957] DEBUG: 65 
[1737414957] DEBUG: 3A 
[1737414957] DEBUG: 20 
[1737414957] DEBUG: 49 
[1737414957] DEBUG: 44 
[1737414957] DEBUG: 4C 
[1737414957] DEBUG: 45 
[1737414957] DEBUG: 0D 
[1737414957] DEBUG: 0A 
[1737414957] DEBUG: 

[1737414958] DEBUG: Raw bytes received: 
[1737414958] DEBUG: 48 
[1737414958] DEBUG: 65 
[1737414958] DEBUG: 61 
[1737414958] DEBUG: 72 
[1737414958] DEBUG: 74 
[1737414958] DEBUG: 62 
[1737414958] DEBUG: 65 
[1737414958] DEBUG: 61 
[1737414958] DEBUG: 74 
[1737414958] DEBUG: 3A 
[1737414958] DEBUG: 20 
[1737414958] DEBUG: 37 
[1737414958] DEBUG: 30 
[1737414958] DEBUG: 31 
[1737414958] DEBUG: 2C 
[1737414958] DEBUG: 20 
[1737414958] DEBUG: 53 
[1737414958] DEBUG: 74 
[1737414958] DEBUG: 61 
[1737414958] DEBUG: 74 
[1737414958] DEBUG: 65 
[1737414958] DEBUG: 3A 
[1737414958] DEBUG: 20 
[1737414958] DEBUG: 49 
[1737414958] DEBUG: 44 
[1737414958] DEBUG: 4C 
[1737414958] DEBUG: 45 
[1737414958] DEBUG: 0D 
[1737414958] DEBUG: 0A 
[1737414958] DEBUG: 

[1737414959] DEBUG: Raw bytes received: 
[1737414959] DEBUG: 48 
[1737414959] DEBUG: 65 
[1737414959] DEBUG: 61 
[1737414959] DEBUG: 72 
[1737414959] DEBUG: 74 
[1737414959] DEBUG: 62 
[1737414959] DEBUG: 65 
[1737414959] DEBUG: 61 
[1737414959] DEBUG: 74 
[1737414959] DEBUG: 3A 
[1737414959] DEBUG: 20 
[1737414959] DEBUG: 37 
[1737414959] DEBUG: 30 
[1737414959] DEBUG: 32 
[1737414959] DEBUG: 2C 
[1737414959] DEBUG: 20 
[1737414959] DEBUG: 53 
[1737414959] DEBUG: 74 
[1737414959] DEBUG: 61 
[1737414959] DEBUG: 74 
[1737414959] DEBUG: 65 
[1737414959] DEBUG: 3A 
[1737414959] DEBUG: 20 
[1737414959] DEBUG: 49 
[1737414959] DEBUG: 44 
[1737414959] DEBUG: 4C 
[1737414959] DEBUG: 45 
[1737414959] DEBUG: 0D 
[1737414959] DEBUG: 0A 
[1737414959] DEBUG: 

[1737414960] DEBUG: Raw bytes received: 
[1737414960] DEBUG: 48 
[1737414960] DEBUG: 65 
[1737414960] DEBUG: 61 
[1737414960] DEBUG: 72 
[1737414960] DEBUG: 74 
[1737414960] DEBUG: 62 
[1737414960] DEBUG: 65 
[1737414960] DEBUG: 61 
[1737414960] DEBUG: 74 
[1737414960] DEBUG: 3A 
[1737414960] DEBUG: 20 
[1737414960] DEBUG: 37 
[1737414960] DEBUG: 30 
[1737414960] DEBUG: 33 
[1737414960] DEBUG: 2C 
[1737414960] DEBUG: 20 
[1737414960] DEBUG: 53 
[1737414960] DEBUG: 74 
[1737414960] DEBUG: 61 
[1737414960] DEBUG: 74 
[1737414960] DEBUG: 65 
[1737414960] DEBUG: 3A 
[1737414960] DEBUG: 20 
[1737414960] DEBUG: 49 
[1737414960] DEBUG: 44 
[1737414960] DEBUG: 4C 
[1737414960] DEBUG: 45 
[1737414960] DEBUG: 0D 
[1737414960] DEBUG: 0A 
[1737414960] DEBUG: 

[1737414961] DEBUG: Raw bytes received: 
[1737414961] DEBUG: 48 
[1737414961] DEBUG: 65 
[1737414961] DEBUG: 61 
[1737414961] DEBUG: 72 
[1737414961] DEBUG: 74 
[1737414961] DEBUG: 62 
[1737414961] DEBUG: 65 
[1737414961] DEBUG: 61 
[1737414961] DEBUG: 74 
[1737414961] DEBUG: 3A 
[1737414961] DEBUG: 20 
[1737414961] DEBUG: 37 
[1737414961] DEBUG: 30 
[1737414961] DEBUG: 34 
[1737414961] DEBUG: 2C 
[1737414961] DEBUG: 20 
[1737414961] DEBUG: 53 
[1737414961] DEBUG: 74 
[1737414961] DEBUG: 61 
[1737414961] DEBUG: 74 
[1737414961] DEBUG: 65 
[1737414961] DEBUG: 3A 
[1737414961] DEBUG: 20 
[1737414961] DEBUG: 49 
[1737414961] DEBUG: 44 
[1737414961] DEBUG: 4C 
[1737414961] DEBUG: 45 
[1737414961] DEBUG: 0D 
[1737414961] DEBUG: 0A 
[1737414961] DEBUG: 

[1737414962] DEBUG: Raw bytes received: 
[1737414962] DEBUG: 48 
[1737414962] DEBUG: 65 
[1737414962] DEBUG: 61 
[1737414962] DEBUG: 72 
[1737414962] DEBUG: 74 
[1737414962] DEBUG: 62 
[1737414962] DEBUG: 65 
[1737414962] DEBUG: 61 
[1737414962] DEBUG: 74 
[1737414962] DEBUG: 3A 
[1737414962] DEBUG: 20 
[1737414962] DEBUG: 37 
[1737414962] DEBUG: 30 
[1737414962] DEBUG: 35 
[1737414962] DEBUG: 2C 
[1737414962] DEBUG: 20 
[1737414962] DEBUG: 53 
[1737414962] DEBUG: 74 
[1737414962] DEBUG: 61 
[1737414962] DEBUG: 74 
[1737414962] DEBUG: 65 
[1737414962] DEBUG: 3A 
[1737414962] DEBUG: 20 
[1737414962] DEBUG: 49 
[1737414962] DEBUG: 44 
[1737414962] DEBUG: 4C 
[1737414962] DEBUG: 45 
[1737414962] DEBUG: 0D 
[1737414962] DEBUG: 0A 
[1737414962] DEBUG: 

[1737414963] DEBUG: Raw bytes received: 
[1737414963] DEBUG: 48 
[1737414963] DEBUG: 65 
[1737414963] DEBUG: 61 
[1737414963] DEBUG: 72 
[1737414963] DEBUG: 74 
[1737414963] DEBUG: 62 
[1737414963] DEBUG: 65 
[1737414963] DEBUG: 61 
[1737414963] DEBUG: 74 
[1737414963] DEBUG: 3A 
[1737414963] DEBUG: 20 
[1737414963] DEBUG: 37 
[1737414963] DEBUG: 30 
[1737414963] DEBUG: 36 
[1737414963] DEBUG: 2C 
[1737414963] DEBUG: 20 
[1737414963] DEBUG: 53 
[1737414963] DEBUG: 74 
[1737414963] DEBUG: 61 
[1737414963] DEBUG: 74 
[1737414963] DEBUG: 65 
[1737414963] DEBUG: 3A 
[1737414963] DEBUG: 20 
[1737414963] DEBUG: 49 
[1737414963] DEBUG: 44 
[1737414963] DEBUG: 4C 
[1737414963] DEBUG: 45 
[1737414963] DEBUG: 0D 
[1737414963] DEBUG: 0A 
[1737414963] DEBUG: 

[1737414964] DEBUG: Raw bytes received: 
[1737414964] DEBUG: 48 
[1737414964] DEBUG: 65 
[1737414964] DEBUG: 61 
[1737414964] DEBUG: 72 
[1737414964] DEBUG: 74 
[1737414964] DEBUG: 62 
[1737414964] DEBUG: 65 
[1737414964] DEBUG: 61 
[1737414964] DEBUG: 74 
[1737414964] DEBUG: 3A 
[1737414964] DEBUG: 20 
[1737414964] DEBUG: 37 
[1737414964] DEBUG: 30 
[1737414964] DEBUG: 37 
[1737414964] DEBUG: 2C 
[1737414964] DEBUG: 20 
[1737414964] DEBUG: 53 
[1737414964] DEBUG: 74 
[1737414964] DEBUG: 61 
[1737414964] DEBUG: 74 
[1737414964] DEBUG: 65 
[1737414964] DEBUG: 3A 
[1737414964] DEBUG: 20 
[1737414964] DEBUG: 49 
[1737414964] DEBUG: 44 
[1737414964] DEBUG: 4C 
[1737414964] DEBUG: 45 
[1737414964] DEBUG: 0D 
[1737414964] DEBUG: 0A 
[1737414964] DEBUG: 

[1737414965] DEBUG: Raw bytes received: 
[1737414965] DEBUG: 48 
[1737414965] DEBUG: 65 
[1737414965] DEBUG: 61 
[1737414965] DEBUG: 72 
[1737414965] DEBUG: 74 
[1737414965] DEBUG: 62 
[1737414965] DEBUG: 65 
[1737414965] DEBUG: 61 
[1737414965] DEBUG: 74 
[1737414965] DEBUG: 3A 
[1737414965] DEBUG: 20 
[1737414965] DEBUG: 37 
[1737414965] DEBUG: 30 
[1737414965] DEBUG: 38 
[1737414965] DEBUG: 2C 
[1737414965] DEBUG: 20 
[1737414965] DEBUG: 53 
[1737414965] DEBUG: 74 
[1737414965] DEBUG: 61 
[1737414965] DEBUG: 74 
[1737414965] DEBUG: 65 
[1737414965] DEBUG: 3A 
[1737414965] DEBUG: 20 
[1737414965] DEBUG: 49 
[1737414965] DEBUG: 44 
[1737414965] DEBUG: 4C 
[1737414965] DEBUG: 45 
[1737414965] DEBUG: 0D 
[1737414965] DEBUG: 0A 
[1737414965] DEBUG: 

[1737414966] DEBUG: Raw bytes received: 
[1737414966] DEBUG: 48 
[1737414966] DEBUG: 65 
[1737414966] DEBUG: 61 
[1737414966] DEBUG: 72 
[1737414966] DEBUG: 74 
[1737414966] DEBUG: 62 
[1737414966] DEBUG: 65 
[1737414966] DEBUG: 61 
[1737414966] DEBUG: 74 
[1737414966] DEBUG: 3A 
[1737414966] DEBUG: 20 
[1737414966] DEBUG: 37 
[1737414966] DEBUG: 30 
[1737414966] DEBUG: 39 
[1737414966] DEBUG: 2C 
[1737414966] DEBUG: 20 
[1737414966] DEBUG: 53 
[1737414966] DEBUG: 74 
[1737414966] DEBUG: 61 
[1737414966] DEBUG: 74 
[1737414966] DEBUG: 65 
[1737414966] DEBUG: 3A 
[1737414966] DEBUG: 20 
[1737414966] DEBUG: 49 
[1737414966] DEBUG: 44 
[1737414966] DEBUG: 4C 
[1737414966] DEBUG: 45 
[1737414966] DEBUG: 0D 
[1737414966] DEBUG: 0A 
[1737414966] DEBUG: 

[1737414967] DEBUG: Raw bytes received: 
[1737414967] DEBUG: 48 
[1737414967] DEBUG: 65 
[1737414967] DEBUG: 61 
[1737414967] DEBUG: 72 
[1737414967] DEBUG: 74 
[1737414967] DEBUG: 62 
[1737414967] DEBUG: 65 
[1737414967] DEBUG: 61 
[1737414967] DEBUG: 74 
[1737414967] DEBUG: 3A 
[1737414967] DEBUG: 20 
[1737414967] DEBUG: 37 
[1737414967] DEBUG: 31 
[1737414967] DEBUG: 30 
[1737414967] DEBUG: 2C 
[1737414967] DEBUG: 20 
[1737414967] DEBUG: 53 
[1737414967] DEBUG: 74 
[1737414967] DEBUG: 61 
[1737414967] DEBUG: 74 
[1737414967] DEBUG: 65 
[1737414967] DEBUG: 3A 
[1737414967] DEBUG: 20 
[1737414967] DEBUG: 49 
[1737414967] DEBUG: 44 
[1737414967] DEBUG: 4C 
[1737414967] DEBUG: 45 
[1737414967] DEBUG: 0D 
[1737414967] DEBUG: 0A 
[1737414967] DEBUG: 

[1737414968] DEBUG: Raw bytes received: 
[1737414968] DEBUG: 48 
[1737414968] DEBUG: 65 
[1737414968] DEBUG: 61 
[1737414968] DEBUG: 72 
[1737414968] DEBUG: 74 
[1737414968] DEBUG: 62 
[1737414968] DEBUG: 65 
[1737414968] DEBUG: 61 
[1737414968] DEBUG: 74 
[1737414968] DEBUG: 3A 
[1737414968] DEBUG: 20 
[1737414968] DEBUG: 37 
[1737414968] DEBUG: 31 
[1737414968] DEBUG: 31 
[1737414968] DEBUG: 2C 
[1737414968] DEBUG: 20 
[1737414968] DEBUG: 53 
[1737414968] DEBUG: 74 
[1737414968] DEBUG: 61 
[1737414968] DEBUG: 74 
[1737414968] DEBUG: 65 
[1737414968] DEBUG: 3A 
[1737414968] DEBUG: 20 
[1737414968] DEBUG: 49 
[1737414968] DEBUG: 44 
[1737414968] DEBUG: 4C 
[1737414968] DEBUG: 45 
[1737414968] DEBUG: 0D 
[1737414968] DEBUG: 0A 
[1737414968] DEBUG: 

[1737414969] DEBUG: Raw bytes received: 
[1737414969] DEBUG: 48 
[1737414969] DEBUG: 65 
[1737414969] DEBUG: 61 
[1737414969] DEBUG: 72 
[1737414969] DEBUG: 74 
[1737414969] DEBUG: 62 
[1737414969] DEBUG: 65 
[1737414969] DEBUG: 61 
[1737414969] DEBUG: 74 
[1737414969] DEBUG: 3A 
[1737414969] DEBUG: 20 
[1737414969] DEBUG: 37 
[1737414969] DEBUG: 31 
[1737414969] DEBUG: 32 
[1737414969] DEBUG: 2C 
[1737414969] DEBUG: 20 
[1737414969] DEBUG: 53 
[1737414969] DEBUG: 74 
[1737414969] DEBUG: 61 
[1737414969] DEBUG: 74 
[1737414969] DEBUG: 65 
[1737414969] DEBUG: 3A 
[1737414969] DEBUG: 20 
[1737414969] DEBUG: 49 
[1737414969] DEBUG: 44 
[1737414969] DEBUG: 4C 
[1737414969] DEBUG: 45 
[1737414969] DEBUG: 0D 
[1737414969] DEBUG: 0A 
[1737414969] DEBUG: 

[1737414970] DEBUG: Raw bytes received: 
[1737414970] DEBUG: 48 
[1737414970] DEBUG: 65 
[1737414970] DEBUG: 61 
[1737414970] DEBUG: 72 
[1737414970] DEBUG: 74 
[1737414970] DEBUG: 62 
[1737414970] DEBUG: 65 
[1737414970] DEBUG: 61 
[1737414970] DEBUG: 74 
[1737414970] DEBUG: 3A 
[1737414970] DEBUG: 20 
[1737414970] DEBUG: 37 
[1737414970] DEBUG: 31 
[1737414970] DEBUG: 33 
[1737414970] DEBUG: 2C 
[1737414970] DEBUG: 20 
[1737414970] DEBUG: 53 
[1737414970] DEBUG: 74 
[1737414970] DEBUG: 61 
[1737414970] DEBUG: 74 
[1737414970] DEBUG: 65 
[1737414970] DEBUG: 3A 
[1737414970] DEBUG: 20 
[1737414970] DEBUG: 49 
[1737414970] DEBUG: 44 
[1737414970] DEBUG: 4C 
[1737414970] DEBUG: 45 
[1737414970] DEBUG: 0D 
[1737414970] DEBUG: 0A 
[1737414970] DEBUG: 

[1737414971] DEBUG: Raw bytes received: 
[1737414971] DEBUG: 48 
[1737414971] DEBUG: 65 
[1737414971] DEBUG: 61 
[1737414971] DEBUG: 72 
[1737414971] DEBUG: 74 
[1737414971] DEBUG: 62 
[1737414971] DEBUG: 65 
[1737414971] DEBUG: 61 
[1737414971] DEBUG: 74 
[1737414971] DEBUG: 3A 
[1737414971] DEBUG: 20 
[1737414971] DEBUG: 37 
[1737414971] DEBUG: 31 
[1737414971] DEBUG: 34 
[1737414971] DEBUG: 2C 
[1737414971] DEBUG: 20 
[1737414971] DEBUG: 53 
[1737414971] DEBUG: 74 
[1737414971] DEBUG: 61 
[1737414971] DEBUG: 74 
[1737414971] DEBUG: 65 
[1737414971] DEBUG: 3A 
[1737414971] DEBUG: 20 
[1737414971] DEBUG: 49 
[1737414971] DEBUG: 44 
[1737414971] DEBUG: 4C 
[1737414971] DEBUG: 45 
[1737414971] DEBUG: 0D 
[1737414971] DEBUG: 0A 
[1737414971] DEBUG: 

[1737414972] DEBUG: Raw bytes received: 
[1737414972] DEBUG: 48 
[1737414972] DEBUG: 65 
[1737414972] DEBUG: 61 
[1737414972] DEBUG: 72 
[1737414972] DEBUG: 74 
[1737414972] DEBUG: 62 
[1737414972] DEBUG: 65 
[1737414972] DEBUG: 61 
[1737414972] DEBUG: 74 
[1737414972] DEBUG: 3A 
[1737414972] DEBUG: 20 
[1737414972] DEBUG: 37 
[1737414972] DEBUG: 31 
[1737414972] DEBUG: 35 
[1737414972] DEBUG: 2C 
[1737414972] DEBUG: 20 
[1737414972] DEBUG: 53 
[1737414972] DEBUG: 74 
[1737414972] DEBUG: 61 
[1737414972] DEBUG: 74 
[1737414972] DEBUG: 65 
[1737414972] DEBUG: 3A 
[1737414972] DEBUG: 20 
[1737414972] DEBUG: 49 
[1737414972] DEBUG: 44 
[1737414972] DEBUG: 4C 
[1737414972] DEBUG: 45 
[1737414972] DEBUG: 0D 
[1737414972] DEBUG: 0A 
[1737414972] DEBUG: 

[1737414973] DEBUG: Raw bytes received: 
[1737414973] DEBUG: 48 
[1737414973] DEBUG: 65 
[1737414973] DEBUG: 61 
[1737414973] DEBUG: 72 
[1737414973] DEBUG: 74 
[1737414973] DEBUG: 62 
[1737414973] DEBUG: 65 
[1737414973] DEBUG: 61 
[1737414973] DEBUG: 74 
[1737414973] DEBUG: 3A 
[1737414973] DEBUG: 20 
[1737414973] DEBUG: 37 
[1737414973] DEBUG: 31 
[1737414973] DEBUG: 36 
[1737414973] DEBUG: 2C 
[1737414973] DEBUG: 20 
[1737414973] DEBUG: 53 
[1737414973] DEBUG: 74 
[1737414973] DEBUG: 61 
[1737414973] DEBUG: 74 
[1737414973] DEBUG: 65 
[1737414973] DEBUG: 3A 
[1737414973] DEBUG: 20 
[1737414973] DEBUG: 49 
[1737414973] DEBUG: 44 
[1737414973] DEBUG: 4C 
[1737414973] DEBUG: 45 
[1737414973] DEBUG: 0D 
[1737414973] DEBUG: 0A 
[1737414973] DEBUG: 

[1737414974] DEBUG: Raw bytes received: 
[1737414974] DEBUG: 48 
[1737414974] DEBUG: 65 
[1737414974] DEBUG: 61 
[1737414974] DEBUG: 72 
[1737414974] DEBUG: 74 
[1737414974] DEBUG: 62 
[1737414974] DEBUG: 65 
[1737414974] DEBUG: 61 
[1737414974] DEBUG: 74 
[1737414974] DEBUG: 3A 
[1737414974] DEBUG: 20 
[1737414974] DEBUG: 37 
[1737414974] DEBUG: 31 
[1737414974] DEBUG: 37 
[1737414974] DEBUG: 2C 
[1737414974] DEBUG: 20 
[1737414974] DEBUG: 53 
[1737414974] DEBUG: 74 
[1737414974] DEBUG: 61 
[1737414974] DEBUG: 74 
[1737414974] DEBUG: 65 
[1737414974] DEBUG: 3A 
[1737414974] DEBUG: 20 
[1737414974] DEBUG: 49 
[1737414974] DEBUG: 44 
[1737414974] DEBUG: 4C 
[1737414974] DEBUG: 45 
[1737414974] DEBUG: 0D 
[1737414974] DEBUG: 0A 
[1737414974] DEBUG: 

[1737414975] DEBUG: Raw bytes received: 
[1737414975] DEBUG: 48 
[1737414975] DEBUG: 65 
[1737414975] DEBUG: 61 
[1737414975] DEBUG: 72 
[1737414975] DEBUG: 74 
[1737414975] DEBUG: 62 
[1737414975] DEBUG: 65 
[1737414975] DEBUG: 61 
[1737414975] DEBUG: 74 
[1737414975] DEBUG: 3A 
[1737414975] DEBUG: 20 
[1737414975] DEBUG: 37 
[1737414975] DEBUG: 31 
[1737414975] DEBUG: 38 
[1737414975] DEBUG: 2C 
[1737414975] DEBUG: 20 
[1737414975] DEBUG: 53 
[1737414975] DEBUG: 74 
[1737414975] DEBUG: 61 
[1737414975] DEBUG: 74 
[1737414975] DEBUG: 65 
[1737414975] DEBUG: 3A 
[1737414975] DEBUG: 20 
[1737414975] DEBUG: 49 
[1737414975] DEBUG: 44 
[1737414975] DEBUG: 4C 
[1737414975] DEBUG: 45 
[1737414975] DEBUG: 0D 
[1737414975] DEBUG: 0A 
[1737414975] DEBUG: 

[1737414976] DEBUG: Raw bytes received: 
[1737414976] DEBUG: 48 
[1737414976] DEBUG: 65 
[1737414976] DEBUG: 61 
[1737414976] DEBUG: 72 
[1737414976] DEBUG: 74 
[1737414976] DEBUG: 62 
[1737414976] DEBUG: 65 
[1737414976] DEBUG: 61 
[1737414976] DEBUG: 74 
[1737414976] DEBUG: 3A 
[1737414976] DEBUG: 20 
[1737414976] DEBUG: 37 
[1737414976] DEBUG: 31 
[1737414976] DEBUG: 39 
[1737414976] DEBUG: 2C 
[1737414976] DEBUG: 20 
[1737414976] DEBUG: 53 
[1737414976] DEBUG: 74 
[1737414976] DEBUG: 61 
[1737414976] DEBUG: 74 
[1737414976] DEBUG: 65 
[1737414976] DEBUG: 3A 
[1737414976] DEBUG: 20 
[1737414976] DEBUG: 49 
[1737414976] DEBUG: 44 
[1737414976] DEBUG: 4C 
[1737414976] DEBUG: 45 
[1737414976] DEBUG: 0D 
[1737414976] DEBUG: 0A 
[1737414976] DEBUG: 

[1737414977] DEBUG: Raw bytes received: 
[1737414977] DEBUG: 48 
[1737414977] DEBUG: 65 
[1737414977] DEBUG: 61 
[1737414977] DEBUG: 72 
[1737414977] DEBUG: 74 
[1737414977] DEBUG: 62 
[1737414977] DEBUG: 65 
[1737414977] DEBUG: 61 
[1737414977] DEBUG: 74 
[1737414977] DEBUG: 3A 
[1737414977] DEBUG: 20 
[1737414977] DEBUG: 37 
[1737414977] DEBUG: 32 
[1737414977] DEBUG: 30 
[1737414977] DEBUG: 2C 
[1737414977] DEBUG: 20 
[1737414977] DEBUG: 53 
[1737414977] DEBUG: 74 
[1737414977] DEBUG: 61 
[1737414977] DEBUG: 74 
[1737414977] DEBUG: 65 
[1737414977] DEBUG: 3A 
[1737414977] DEBUG: 20 
[1737414977] DEBUG: 49 
[1737414977] DEBUG: 44 
[1737414977] DEBUG: 4C 
[1737414977] DEBUG: 45 
[1737414977] DEBUG: 0D 
[1737414977] DEBUG: 0A 
[1737414977] DEBUG: 

[1737414978] DEBUG: Raw bytes received: 
[1737414978] DEBUG: 48 
[1737414978] DEBUG: 65 
[1737414978] DEBUG: 61 
[1737414978] DEBUG: 72 
[1737414978] DEBUG: 74 
[1737414978] DEBUG: 62 
[1737414978] DEBUG: 65 
[1737414978] DEBUG: 61 
[1737414978] DEBUG: 74 
[1737414978] DEBUG: 3A 
[1737414978] DEBUG: 20 
[1737414978] DEBUG: 37 
[1737414978] DEBUG: 32 
[1737414978] DEBUG: 31 
[1737414978] DEBUG: 2C 
[1737414978] DEBUG: 20 
[1737414978] DEBUG: 53 
[1737414978] DEBUG: 74 
[1737414978] DEBUG: 61 
[1737414978] DEBUG: 74 
[1737414978] DEBUG: 65 
[1737414978] DEBUG: 3A 
[1737414978] DEBUG: 20 
[1737414978] DEBUG: 49 
[1737414978] DEBUG: 44 
[1737414978] DEBUG: 4C 
[1737414978] DEBUG: 45 
[1737414978] DEBUG: 0D 
[1737414978] DEBUG: 0A 
[1737414978] DEBUG: 

[1737414979] DEBUG: Raw bytes received: 
[1737414979] DEBUG: 48 
[1737414979] DEBUG: 65 
[1737414979] DEBUG: 61 
[1737414979] DEBUG: 72 
[1737414979] DEBUG: 74 
[1737414979] DEBUG: 62 
[1737414979] DEBUG: 65 
[1737414979] DEBUG: 61 
[1737414979] DEBUG: 74 
[1737414979] DEBUG: 3A 
[1737414979] DEBUG: 20 
[1737414979] DEBUG: 37 
[1737414979] DEBUG: 32 
[1737414979] DEBUG: 32 
[1737414979] DEBUG: 2C 
[1737414979] DEBUG: 20 
[1737414979] DEBUG: 53 
[1737414979] DEBUG: 74 
[1737414979] DEBUG: 61 
[1737414979] DEBUG: 74 
[1737414979] DEBUG: 65 
[1737414979] DEBUG: 3A 
[1737414979] DEBUG: 20 
[1737414979] DEBUG: 49 
[1737414979] DEBUG: 44 
[1737414979] DEBUG: 4C 
[1737414979] DEBUG: 45 
[1737414979] DEBUG: 0D 
[1737414979] DEBUG: 0A 
[1737414979] DEBUG: 

